# JRE version: Java(TM) SE Runtime Environment (8.0_211-b12) (build 1.8.0_211-b12)
# Java VM: Java HotSpot(TM) 64-Bit Server VM (25.211-b12 mixed mode windows-amd64 compressed oops)
Heap:
 PSYoungGen      total 658432K, used 292906K [0x00000000d5580000, 0x0000000100000000, 0x0000000100000000)
  eden space 617984K, 42% used [0x00000000d5580000,0x00000000e58db598,0x00000000fb100000)
  from space 40448K, 67% used [0x00000000fb100000,0x00000000fcbaf450,0x00000000fd880000)
  to   space 40448K, 0% used [0x00000000fd880000,0x00000000fd880000,0x0000000100000000)
 ParOldGen       total 208896K, used 102101K [0x0000000080000000, 0x000000008cc00000, 0x00000000d5580000)
  object space 208896K, 48% used [0x0000000080000000,0x00000000863b56d8,0x000000008cc00000)
 Metaspace       used 86033K, capacity 92173K, committed 94296K, reserved 1130496K
  class space    used 11574K, capacity 13076K, committed 13696K, reserved 1048576K
GC Heap History (10 events):
Event: 154.668 GC heap before
{Heap before GC invocations=23 (full 3):
 PSYoungGen      total 663040K, used 662880K [0x00000000d5580000, 0x0000000100000000, 0x0000000100000000)
  eden space 643584K, 100% used [0x00000000d5580000,0x00000000fca00000,0x00000000fca00000)
  from space 19456K, 99% used [0x00000000fca00000,0x00000000fdcd8388,0x00000000fdd00000)
  to   space 28160K, 0% used [0x00000000fe480000,0x00000000fe480000,0x0000000100000000)
 ParOldGen       total 98816K, used 33164K [0x0000000080000000, 0x0000000086080000, 0x00000000d5580000)
  object space 98816K, 33% used [0x0000000080000000,0x00000000820630c0,0x0000000086080000)
 Metaspace       used 69581K, capacity 72911K, committed 73048K, reserved 1112064K
  class space    used 9250K, capacity 9988K, committed 10112K, reserved 1048576K
Event: 155.823 GC heap after
Heap after GC invocations=23 (full 3):
 PSYoungGen      total 666624K, used 23061K [0x00000000d5580000, 0x0000000100000000, 0x0000000100000000)
  eden space 638464K, 0% used [0x00000000d5580000,0x00000000d5580000,0x00000000fc500000)
  from space 28160K, 81% used [0x00000000fe480000,0x00000000ffb057e8,0x0000000100000000)
  to   space 30208K, 0% used [0x00000000fc500000,0x00000000fc500000,0x00000000fe280000)
 ParOldGen       total 98816K, used 33172K [0x0000000080000000, 0x0000000086080000, 0x00000000d5580000)
  object space 98816K, 33% used [0x0000000080000000,0x00000000820650c0,0x0000000086080000)
 Metaspace       used 69581K, capacity 72911K, committed 73048K, reserved 1112064K
  class space    used 9250K, capacity 9988K, committed 10112K, reserved 1048576K
}
Event: 179.473 GC heap before
{Heap before GC invocations=24 (full 3):
 PSYoungGen      total 666624K, used 661525K [0x00000000d5580000, 0x0000000100000000, 0x0000000100000000)
  eden space 638464K, 100% used [0x00000000d5580000,0x00000000fc500000,0x00000000fc500000)
  from space 28160K, 81% used [0x00000000fe480000,0x00000000ffb057e8,0x0000000100000000)
  to   space 30208K, 0% used [0x00000000fc500000,0x00000000fc500000,0x00000000fe280000)
 ParOldGen       total 98816K, used 33172K [0x0000000080000000, 0x0000000086080000, 0x00000000d5580000)
  object space 98816K, 33% used [0x0000000080000000,0x00000000820650c0,0x0000000086080000)
 Metaspace       used 69592K, capacity 72923K, committed 73048K, reserved 1112064K
  class space    used 9251K, capacity 9990K, committed 10112K, reserved 1048576K
Event: 179.823 GC heap after
Heap after GC invocations=24 (full 3):
 PSYoungGen      total 666112K, used 27299K [0x00000000d5580000, 0x0000000100000000, 0x0000000100000000)
  eden space 638464K, 0% used [0x00000000d5580000,0x00000000d5580000,0x00000000fc500000)
  from space 27648K, 98% used [0x00000000fc500000,0x00000000fdfa8c48,0x00000000fe000000)
  to   space 32768K, 0% used [0x00000000fe000000,0x00000000fe000000,0x0000000100000000)
 ParOldGen       total 98816K, used 33172K [0x0000000080000000, 0x0000000086080000, 0x00000000d5580000)
  object space 98816K, 33% used [0x0000000080000000,0x00000000820650c0,0x0000000086080000)
 Metaspace       used 69592K, capacity 72923K, committed 73048K, reserved 1112064K
  class space    used 9251K, capacity 9990K, committed 10112K, reserved 1048576K
}
Event: 260.451 GC heap before
{Heap before GC invocations=25 (full 3):
 PSYoungGen      total 666112K, used 665763K [0x00000000d5580000, 0x0000000100000000, 0x0000000100000000)
  eden space 638464K, 100% used [0x00000000d5580000,0x00000000fc500000,0x00000000fc500000)
  from space 27648K, 98% used [0x00000000fc500000,0x00000000fdfa8c48,0x00000000fe000000)
  to   space 32768K, 0% used [0x00000000fe000000,0x00000000fe000000,0x0000000100000000)
 ParOldGen       total 98816K, used 33172K [0x0000000080000000, 0x0000000086080000, 0x00000000d5580000)
  object space 98816K, 33% used [0x0000000080000000,0x00000000820650c0,0x0000000086080000)
 Metaspace       used 75735K, capacity 80985K, committed 81240K, reserved 1118208K
  class space    used 10205K, capacity 11580K, committed 11648K, reserved 1048576K
Event: 261.701 GC heap after
Heap after GC invocations=25 (full 3):
 PSYoungGen      total 650752K, used 32746K [0x00000000d5580000, 0x0000000100000000, 0x0000000100000000)
  eden space 617984K, 0% used [0x00000000d5580000,0x00000000d5580000,0x00000000fb100000)
  from space 32768K, 99% used [0x00000000fe000000,0x00000000ffffa978,0x0000000100000000)
  to   space 40448K, 0% used [0x00000000fb100000,0x00000000fb100000,0x00000000fd880000)
 ParOldGen       total 98816K, used 41299K [0x0000000080000000, 0x0000000086080000, 0x00000000d5580000)
  object space 98816K, 41% used [0x0000000080000000,0x0000000082854f00,0x0000000086080000)
 Metaspace       used 75735K, capacity 80985K, committed 81240K, reserved 1118208K
  class space    used 10205K, capacity 11580K, committed 11648K, reserved 1048576K
}
Event: 349.371 GC heap before
{Heap before GC invocations=26 (full 3):
 PSYoungGen      total 650752K, used 650562K [0x00000000d5580000, 0x0000000100000000, 0x0000000100000000)
  eden space 617984K, 99% used [0x00000000d5580000,0x00000000fb0d5fe8,0x00000000fb100000)
  from space 32768K, 99% used [0x00000000fe000000,0x00000000ffffa978,0x0000000100000000)
  to   space 40448K, 0% used [0x00000000fb100000,0x00000000fb100000,0x00000000fd880000)
 ParOldGen       total 98816K, used 41299K [0x0000000080000000, 0x0000000086080000, 0x00000000d5580000)
  object space 98816K, 41% used [0x0000000080000000,0x0000000082854f00,0x0000000086080000)
 Metaspace       used 87027K, capacity 93979K, committed 94296K, reserved 1130496K
  class space    used 11832K, capacity 13581K, committed 13696K, reserved 1048576K
Event: 357.349 GC heap after
Heap after GC invocations=26 (full 3):
 PSYoungGen      total 658432K, used 40416K [0x00000000d5580000, 0x0000000100000000, 0x0000000100000000)
  eden space 617984K, 0% used [0x00000000d5580000,0x00000000d5580000,0x00000000fb100000)
  from space 40448K, 99% used [0x00000000fb100000,0x00000000fd8782d0,0x00000000fd880000)
  to   space 40448K, 0% used [0x00000000fd880000,0x00000000fd880000,0x0000000100000000)
 ParOldGen       total 102400K, used 102023K [0x0000000080000000, 0x0000000086400000, 0x00000000d5580000)
  object space 102400K, 99% used [0x0000000080000000,0x00000000863a1c10,0x0000000086400000)
 Metaspace       used 87027K, capacity 93979K, committed 94296K, reserved 1130496K
  class space    used 11832K, capacity 13581K, committed 13696K, reserved 1048576K
}
Event: 357.355 GC heap before
{Heap before GC invocations=27 (full 4):
 PSYoungGen      total 658432K, used 40416K [0x00000000d5580000, 0x0000000100000000, 0x0000000100000000)
  eden space 617984K, 0% used [0x00000000d5580000,0x00000000d5580000,0x00000000fb100000)
  from space 40448K, 99% used [0x00000000fb100000,0x00000000fd8782d0,0x00000000fd880000)
  to   space 40448K, 0% used [0x00000000fd880000,0x00000000fd880000,0x0000000100000000)
 ParOldGen       total 102400K, used 102023K [0x0000000080000000, 0x0000000086400000, 0x00000000d5580000)
  object space 102400K, 99% used [0x0000000080000000,0x00000000863a1c10,0x0000000086400000)
 Metaspace       used 87027K, capacity 93979K, committed 94296K, reserved 1130496K
  class space    used 11832K, capacity 13581K, committed 13696K, reserved 1048576K
Event: 366.761 GC heap after
Heap after GC invocations=27 (full 4):
 PSYoungGen      total 658432K, used 27325K [0x00000000d5580000, 0x0000000100000000, 0x0000000100000000)
  eden space 617984K, 0% used [0x00000000d5580000,0x00000000d5580000,0x00000000fb100000)
  from space 40448K, 67% used [0x00000000fb100000,0x00000000fcbaf450,0x00000000fd880000)
  to   space 40448K, 0% used [0x00000000fd880000,0x00000000fd880000,0x0000000100000000)
 ParOldGen       total 208896K, used 102101K [0x0000000080000000, 0x000000008cc00000, 0x00000000d5580000)
  object space 208896K, 48% used [0x0000000080000000,0x00000000863b56d8,0x000000008cc00000)
 Metaspace       used 86032K, capacity 92173K, committed 94296K, reserved 1130496K
  class space    used 11574K, capacity 13076K, committed 13696K, reserved 1048576K
}

